Traceback (most recent call last):
  File "/workspace/nathan/RWKV-LM/RWKV-v5/train.py", line 279, in <module>
    self.args.progress_bar = progress_bar
NameError: name 'self' is not defined
Traceback (most recent call last):
  File "/workspace/nathan/RWKV-LM/RWKV-v5/train.py", line 279, in <module>
    self.args.progress_bar = progress_bar
NameError: name 'self' is not defined